[debug] [2023-01-31T10:42:33.868Z] ----------------------------------------------------------------------
[debug] [2023-01-31T10:42:33.870Z] Command:       C:\Program Files\nodejs\node.exe C:\Users\user\AppData\Roaming\npm\node_modules\firebase-tools\lib\bin\firebase.js init
[debug] [2023-01-31T10:42:33.870Z] CLI Version:   11.21.0
[debug] [2023-01-31T10:42:33.871Z] Platform:      win32
[debug] [2023-01-31T10:42:33.871Z] Node Version:  v18.12.1
[debug] [2023-01-31T10:42:33.871Z] Time:          Tue Jan 31 2023 12:42:33 GMT+0200 (South Africa Standard Time)
[debug] [2023-01-31T10:42:33.871Z] ----------------------------------------------------------------------
[debug] 
[debug] [2023-01-31T10:42:33.877Z] > command requires scopes: ["email","openid","https://www.googleapis.com/auth/cloudplatformprojects.readonly","https://www.googleapis.com/auth/firebase","https://www.googleapis.com/auth/cloud-platform"]
[debug] [2023-01-31T10:42:33.877Z] > authorizing via signed-in user (ivor.thordgray@gmail.com)
[info] 
     ######## #### ########  ######## ########     ###     ######  ########
     ##        ##  ##     ## ##       ##     ##  ##   ##  ##       ##
     ######    ##  ########  ######   ########  #########  ######  ######
     ##        ##  ##    ##  ##       ##     ## ##     ##       ## ##
     ##       #### ##     ## ######## ########  ##     ##  ######  ########

You're about to initialize a Firebase project in this directory:

  C:\_source\__js_pokemon

Before we get started, keep in mind:

  * You are currently outside your home directory

[info] 
=== Project Setup
[info] 
[info] First, let's associate this project directory with a Firebase project.
[info] You can create multiple project aliases by running firebase use --add, 
[info] but for now we'll just set up a default project.
[info] 
[debug] [2023-01-31T10:43:53.799Z] >>> [apiv2][query] GET https://firebase.googleapis.com/v1beta1/projects pageSize=100
[debug] [2023-01-31T10:43:54.581Z] <<< [apiv2][status] GET https://firebase.googleapis.com/v1beta1/projects 200
[debug] [2023-01-31T10:43:54.582Z] <<< [apiv2][body] GET https://firebase.googleapis.com/v1beta1/projects [omitted]
[info] i  Using project portfolio-2abc7 (Portfolio) 
[info] 
=== Functions Setup
[debug] [2023-01-31T10:43:55.891Z] > command requires scopes: ["email","openid","https://www.googleapis.com/auth/cloudplatformprojects.readonly","https://www.googleapis.com/auth/firebase","https://www.googleapis.com/auth/cloud-platform"]
[debug] [2023-01-31T10:43:55.892Z] > authorizing via signed-in user (ivor.thordgray@gmail.com)
[debug] [2023-01-31T10:43:55.892Z] [iam] checking project portfolio-2abc7 for permissions ["firebase.projects.get"]
[debug] [2023-01-31T10:43:55.892Z] >>> [apiv2][query] POST https://cloudresourcemanager.googleapis.com/v1/projects/portfolio-2abc7:testIamPermissions [none]
[debug] [2023-01-31T10:43:55.892Z] >>> [apiv2][(partial)header] POST https://cloudresourcemanager.googleapis.com/v1/projects/portfolio-2abc7:testIamPermissions x-goog-quota-user=projects/portfolio-2abc7
[debug] [2023-01-31T10:43:55.892Z] >>> [apiv2][body] POST https://cloudresourcemanager.googleapis.com/v1/projects/portfolio-2abc7:testIamPermissions {"permissions":["firebase.projects.get"]}
[debug] [2023-01-31T10:43:57.660Z] <<< [apiv2][status] POST https://cloudresourcemanager.googleapis.com/v1/projects/portfolio-2abc7:testIamPermissions 200
[debug] [2023-01-31T10:43:57.660Z] <<< [apiv2][body] POST https://cloudresourcemanager.googleapis.com/v1/projects/portfolio-2abc7:testIamPermissions {"permissions":["firebase.projects.get"]}
[debug] [2023-01-31T10:43:57.660Z] >>> [apiv2][query] GET https://serviceusage.googleapis.com/v1/projects/portfolio-2abc7/services/cloudfunctions.googleapis.com [none]
[debug] [2023-01-31T10:43:57.661Z] >>> [apiv2][(partial)header] GET https://serviceusage.googleapis.com/v1/projects/portfolio-2abc7/services/cloudfunctions.googleapis.com x-goog-quota-user=projects/portfolio-2abc7
[debug] [2023-01-31T10:43:57.663Z] >>> [apiv2][query] GET https://serviceusage.googleapis.com/v1/projects/portfolio-2abc7/services/runtimeconfig.googleapis.com [none]
[debug] [2023-01-31T10:43:57.663Z] >>> [apiv2][(partial)header] GET https://serviceusage.googleapis.com/v1/projects/portfolio-2abc7/services/runtimeconfig.googleapis.com x-goog-quota-user=projects/portfolio-2abc7
[debug] [2023-01-31T10:43:59.719Z] <<< [apiv2][status] GET https://serviceusage.googleapis.com/v1/projects/portfolio-2abc7/services/runtimeconfig.googleapis.com 200
[debug] [2023-01-31T10:43:59.719Z] <<< [apiv2][body] GET https://serviceusage.googleapis.com/v1/projects/portfolio-2abc7/services/runtimeconfig.googleapis.com [omitted]
[debug] [2023-01-31T10:43:59.721Z] <<< [apiv2][status] GET https://serviceusage.googleapis.com/v1/projects/portfolio-2abc7/services/cloudfunctions.googleapis.com 200
[debug] [2023-01-31T10:43:59.721Z] <<< [apiv2][body] GET https://serviceusage.googleapis.com/v1/projects/portfolio-2abc7/services/cloudfunctions.googleapis.com [omitted]
[debug] [2023-01-31T10:43:59.721Z] >>> [apiv2][query] POST https://serviceusage.googleapis.com/v1/projects/portfolio-2abc7/services/cloudfunctions.googleapis.com:enable [none]
[debug] [2023-01-31T10:43:59.721Z] >>> [apiv2][(partial)header] POST https://serviceusage.googleapis.com/v1/projects/portfolio-2abc7/services/cloudfunctions.googleapis.com:enable x-goog-quota-user=projects/portfolio-2abc7
[debug] [2023-01-31T10:44:02.396Z] <<< [apiv2][status] POST https://serviceusage.googleapis.com/v1/projects/portfolio-2abc7/services/cloudfunctions.googleapis.com:enable 200
[debug] [2023-01-31T10:44:02.396Z] <<< [apiv2][body] POST https://serviceusage.googleapis.com/v1/projects/portfolio-2abc7/services/cloudfunctions.googleapis.com:enable [omitted]
[debug] [2023-01-31T10:44:12.403Z] >>> [apiv2][query] GET https://serviceusage.googleapis.com/v1/projects/portfolio-2abc7/services/cloudfunctions.googleapis.com [none]
[debug] [2023-01-31T10:44:12.403Z] >>> [apiv2][(partial)header] GET https://serviceusage.googleapis.com/v1/projects/portfolio-2abc7/services/cloudfunctions.googleapis.com x-goog-quota-user=projects/portfolio-2abc7
[debug] [2023-01-31T10:44:14.266Z] <<< [apiv2][status] GET https://serviceusage.googleapis.com/v1/projects/portfolio-2abc7/services/cloudfunctions.googleapis.com 200
[debug] [2023-01-31T10:44:14.266Z] <<< [apiv2][body] GET https://serviceusage.googleapis.com/v1/projects/portfolio-2abc7/services/cloudfunctions.googleapis.com [omitted]
[info] Let's create a new codebase for your functions.
[info] A directory corresponding to the codebase will be created in your project
[info] with sample code pre-configured.

[info] See https://firebase.google.com/docs/functions/organize-functions for
[info] more information on organizing your functions using codebases.

[info] Functions can be deployed with firebase deploy.

[info] +  Wrote functions/package.json 
[info] +  Wrote functions/.eslintrc.js 
[info] +  Wrote functions/tsconfig.json 
[info] +  Wrote functions/tsconfig.dev.json 
[info] +  Wrote functions/src/index.ts 
[info] +  Wrote functions/.gitignore 
[info] 
=== Hosting Setup
[info] 
[info] Your public directory is the folder (relative to your project directory) that
[info] will contain Hosting assets to be uploaded with firebase deploy. If you
[info] have a build process for your assets, use your build's output directory.
[info] 
[debug] [2023-01-31T10:46:23.390Z] >>> [apiv2][query] GET https://www.gstatic.com/firebasejs/releases.json [none]
[debug] [2023-01-31T10:46:23.575Z] <<< [apiv2][status] GET https://www.gstatic.com/firebasejs/releases.json 200
[debug] [2023-01-31T10:46:23.575Z] <<< [apiv2][body] GET https://www.gstatic.com/firebasejs/releases.json {"current":{"version":"9.16.0","browserURL":"https://www.gstatic.com/firebasejs/9.16.0/firebase.js","packageURL":"https://www.gstatic.com/firebasejs/9.16.0/firebase.tgz"},"live":{"version":"9.16","browserURL":"https://www.gstatic.com/firebasejs/live/9.16/firebase.js","packageURL":"https://www.gstatic.com/firebasejs/live/9.16/firebase.tgz"},"components":{"analytics":"https://www.gstatic.com/firebasejs/9.16.0/firebase-analytics.js","app":"https://www.gstatic.com/firebasejs/9.16.0/firebase-app.js","app-check":"https://www.gstatic.com/firebasejs/9.16.0/firebase-app-check.js","auth":"https://www.gstatic.com/firebasejs/9.16.0/firebase-auth.js","auth/cordova":"https://www.gstatic.com/firebasejs/9.16.0/firebase-auth/cordova.js","auth/react-native":"https://www.gstatic.com/firebasejs/9.16.0/firebase-auth/react-native.js","functions":"https://www.gstatic.com/firebasejs/9.16.0/firebase-functions.js","firestore":"https://www.gstatic.com/firebasejs/9.16.0/firebase-firestore.js","firestore/lite":"https://www.gstatic.com/firebasejs/9.16.0/firebase-firestore/lite.js","installations":"https://www.gstatic.com/firebasejs/9.16.0/firebase-installations.js","storage":"https://www.gstatic.com/firebasejs/9.16.0/firebase-storage.js","performance":"https://www.gstatic.com/firebasejs/9.16.0/firebase-performance.js","remote-config":"https://www.gstatic.com/firebasejs/9.16.0/firebase-remote-config.js","messaging":"https://www.gstatic.com/firebasejs/9.16.0/firebase-messaging.js","messaging/sw":"https://www.gstatic.com/firebasejs/9.16.0/firebase-messaging/sw.js","database":"https://www.gstatic.com/firebasejs/9.16.0/firebase-database.js","firestore.memory":"https://www.gstatic.com/firebasejs/9.16.0/firebase-firestore.memory.js"}}
[info] +  Wrote public/index.html 
[info] 
[info] i  Didn't detect a .git folder. Assuming C:\_source\__js_pokemon is the project root. 
[info] i  Authorizing with GitHub to upload your service account to a GitHub repository's secrets store. 
[info] 
[info] Visit this URL on this device to log in:
[info] https://github.com/login/oauth/authorize?client_id=89cf50f02ac6aaed3484&state=795867219&redirect_uri=http%3A%2F%2Flocalhost%3A9005&scope=read%3Auser%20repo%20public_repo
[info] 
[info] Waiting for authentication...
[debug] [2023-01-31T10:46:48.037Z] >>> [apiv2][query] POST https://github.com/login/oauth/access_token [none]
[debug] [2023-01-31T10:46:48.037Z] >>> [apiv2][body] POST https://github.com/login/oauth/access_token [stream]
[debug] [2023-01-31T10:46:48.879Z] <<< [apiv2][status] POST https://github.com/login/oauth/access_token 200
[debug] [2023-01-31T10:46:48.879Z] <<< [apiv2][body] POST https://github.com/login/oauth/access_token {"access_token":"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","token_type":"bearer","scope":"read:user,repo"}
[debug] [2023-01-31T10:46:48.888Z] >>> [apiv2][query] GET https://api.github.com/user [none]
[debug] [2023-01-31T10:46:49.802Z] <<< [apiv2][status] GET https://api.github.com/user 200
[debug] [2023-01-31T10:46:49.802Z] <<< [apiv2][body] GET https://api.github.com/user {"login":"IThordGray","id":24408073,"node_id":"MDQ6VXNlcjI0NDA4MDcz","avatar_url":"https://avatars.githubusercontent.com/u/24408073?v=4","gravatar_id":"","url":"https://api.github.com/users/IThordGray","html_url":"https://github.com/IThordGray","followers_url":"https://api.github.com/users/IThordGray/followers","following_url":"https://api.github.com/users/IThordGray/following{/other_user}","gists_url":"https://api.github.com/users/IThordGray/gists{/gist_id}","starred_url":"https://api.github.com/users/IThordGray/starred{/owner}{/repo}","subscriptions_url":"https://api.github.com/users/IThordGray/subscriptions","organizations_url":"https://api.github.com/users/IThordGray/orgs","repos_url":"https://api.github.com/users/IThordGray/repos","events_url":"https://api.github.com/users/IThordGray/events{/privacy}","received_events_url":"https://api.github.com/users/IThordGray/received_events","type":"User","site_admin":false,"name":"Ivor Thord-Gray","company":null,"blog":"","location":null,"email":"ivor.thordgray@gmail.com","hireable":null,"bio":null,"twitter_username":null,"public_repos":5,"public_gists":0,"followers":3,"following":3,"created_at":"2016-12-06T09:42:28Z","updated_at":"2023-01-03T09:29:25Z","private_gists":0,"total_private_repos":4,"owned_private_repos":4,"disk_usage":12153,"collaborators":9,"two_factor_authentication":false,"plan":{"name":"free","space":976562499,"collaborators":0,"private_repos":10000}}
[info] 
[info] +  Success! Logged into GitHub as IThordGray 
[info] 
